d:\documents\github\laser_satellite_receiver\walking_skeleton\laser_comms\laser_comms\debug\vc142.pdb
d:\documents\github\laser_satellite_receiver\walking_skeleton\laser_comms\laser_comms\debug\vc142.idb
d:\documents\github\laser_satellite_receiver\walking_skeleton\laser_comms\laser_comms\debug\samples_to_bits.obj
d:\documents\github\laser_satellite_receiver\walking_skeleton\laser_comms\laser_comms\debug\polyphase_filterbank_sync.obj
d:\documents\github\laser_satellite_receiver\walking_skeleton\laser_comms\laser_comms\debug\main.obj
d:\documents\github\laser_satellite_receiver\walking_skeleton\laser_comms\laser_comms\debug\msequence.obj
d:\documents\github\laser_satellite_receiver\walking_skeleton\laser_comms\laser_comms\debug\scramble.obj
d:\documents\github\laser_satellite_receiver\walking_skeleton\laser_comms\laser_comms\debug\interleaver.obj
d:\documents\github\laser_satellite_receiver\walking_skeleton\laser_comms\laser_comms\debug\bsequence.obj
d:\documents\github\laser_satellite_receiver\walking_skeleton\laser_comms\laser_comms\debug\test.obj
d:\documents\github\laser_satellite_receiver\walking_skeleton\laser_comms\laser_comms\debug\packet_frame.obj
d:\documents\github\laser_satellite_receiver\walking_skeleton\laser_comms\laser_comms\debug\crc.obj
d:\documents\github\laser_satellite_receiver\walking_skeleton\laser_comms\laser_comms\debug\byte_utilities.obj
d:\documents\github\laser_satellite_receiver\walking_skeleton\laser_comms\laser_comms\debug\libliquid.obj
d:\documents\github\laser_satellite_receiver\walking_skeleton\laser_comms\laser_comms\debug\msb_index.obj
d:\documents\github\laser_satellite_receiver\walking_skeleton\laser_comms\debug\laser_comms.exe
d:\documents\github\laser_satellite_receiver\walking_skeleton\laser_comms\laser_comms\debug\laser_comms.ilk
d:\documents\github\laser_satellite_receiver\walking_skeleton\laser_comms\debug\laser_comms.pdb
d:\documents\github\laser_satellite_receiver\walking_skeleton\laser_comms\laser_comms\debug\laser_comms.tlog\cl.command.1.tlog
d:\documents\github\laser_satellite_receiver\walking_skeleton\laser_comms\laser_comms\debug\laser_comms.tlog\cl.read.1.tlog
d:\documents\github\laser_satellite_receiver\walking_skeleton\laser_comms\laser_comms\debug\laser_comms.tlog\cl.write.1.tlog
d:\documents\github\laser_satellite_receiver\walking_skeleton\laser_comms\laser_comms\debug\laser_comms.tlog\link.command.1.tlog
d:\documents\github\laser_satellite_receiver\walking_skeleton\laser_comms\laser_comms\debug\laser_comms.tlog\link.read.1.tlog
d:\documents\github\laser_satellite_receiver\walking_skeleton\laser_comms\laser_comms\debug\laser_comms.tlog\link.write.1.tlog
