This file contains any messages produced by compilers while
running configure, to aid debugging if configure makes a mistake.

It was created by liquid-dsp configure 1.3.2, which was
generated by GNU Autoconf 2.69.  Invocation command line was

  $ ./configure 

## --------- ##
## Platform. ##
## --------- ##

hostname = josh-VirtualBox
uname -m = x86_64
uname -r = 5.4.0-90-generic
uname -s = Linux
uname -v = #101-Ubuntu SMP Fri Oct 15 20:00:55 UTC 2021

/usr/bin/uname -p = unknown
/bin/uname -X     = unknown

/bin/arch              = unknown
/usr/bin/arch -k       = unknown
/usr/convex/getsysinfo = unknown
/usr/bin/hostinfo      = unknown
/bin/machine           = unknown
/usr/bin/oslevel       = unknown
/bin/universe          = unknown

PATH: /home/josh/miniconda3/condabin
PATH: /home/josh/.local/bin
PATH: /usr/local/sbin
PATH: /usr/local/bin
PATH: /usr/sbin
PATH: /usr/bin
PATH: /sbin
PATH: /bin
PATH: /usr/games
PATH: /usr/local/games
PATH: /snap/bin


## ----------- ##
## Core tests. ##
## ----------- ##

configure:2624: checking for gcc
configure:2640: found /usr/bin/gcc
configure:2651: result: gcc
configure:2880: checking for C compiler version
configure:2889: gcc --version >&5
gcc (Ubuntu 9.3.0-17ubuntu1~20.04) 9.3.0
Copyright (C) 2019 Free Software Foundation, Inc.
This is free software; see the source for copying conditions.  There is NO
warranty; not even for MERCHANTABILITY or FITNESS FOR A PARTICULAR PURPOSE.

configure:2900: $? = 0
configure:2889: gcc -v >&5
Using built-in specs.
COLLECT_GCC=gcc
COLLECT_LTO_WRAPPER=/usr/lib/gcc/x86_64-linux-gnu/9/lto-wrapper
OFFLOAD_TARGET_NAMES=nvptx-none:hsa
OFFLOAD_TARGET_DEFAULT=1
Target: x86_64-linux-gnu
Configured with: ../src/configure -v --with-pkgversion='Ubuntu 9.3.0-17ubuntu1~20.04' --with-bugurl=file:///usr/share/doc/gcc-9/README.Bugs --enable-languages=c,ada,c++,go,brig,d,fortran,objc,obj-c++,gm2 --prefix=/usr --with-gcc-major-version-only --program-suffix=-9 --program-prefix=x86_64-linux-gnu- --enable-shared --enable-linker-build-id --libexecdir=/usr/lib --without-included-gettext --enable-threads=posix --libdir=/usr/lib --enable-nls --enable-clocale=gnu --enable-libstdcxx-debug --enable-libstdcxx-time=yes --with-default-libstdcxx-abi=new --enable-gnu-unique-object --disable-vtable-verify --enable-plugin --enable-default-pie --with-system-zlib --with-target-system-zlib=auto --enable-objc-gc=auto --enable-multiarch --disable-werror --with-arch-32=i686 --with-abi=m64 --with-multilib-list=m32,m64,mx32 --enable-multilib --with-tune=generic --enable-offload-targets=nvptx-none=/build/gcc-9-HskZEa/gcc-9-9.3.0/debian/tmp-nvptx/usr,hsa --without-cuda-driver --enable-checking=release --build=x86_64-linux-gnu --host=x86_64-linux-gnu --target=x86_64-linux-gnu
Thread model: posix
gcc version 9.3.0 (Ubuntu 9.3.0-17ubuntu1~20.04) 
configure:2900: $? = 0
configure:2889: gcc -V >&5
gcc: error: unrecognized command line option '-V'
gcc: fatal error: no input files
compilation terminated.
configure:2900: $? = 1
configure:2889: gcc -qversion >&5
gcc: error: unrecognized command line option '-qversion'; did you mean '--version'?
gcc: fatal error: no input files
compilation terminated.
configure:2900: $? = 1
configure:2920: checking whether the C compiler works
configure:2942: gcc    conftest.c  >&5
configure:2946: $? = 0
configure:2994: result: yes
configure:2997: checking for C compiler default output file name
configure:2999: result: a.out
configure:3005: checking for suffix of executables
configure:3012: gcc -o conftest    conftest.c  >&5
configure:3016: $? = 0
configure:3038: result: 
configure:3060: checking whether we are cross compiling
configure:3068: gcc -o conftest    conftest.c  >&5
configure:3072: $? = 0
configure:3079: ./conftest
configure:3083: $? = 0
configure:3071: result: no
configure:3076: checking for suffix of object files
configure:3098: gcc -c   conftest.c >&5
configure:3102: $? = 0
configure:3123: result: o
configure:3127: checking whether we are using the GNU C compiler
configure:3146: gcc -c   conftest.c >&5
configure:3146: $? = 0
configure:3155: result: yes
configure:3164: checking whether gcc accepts -g
configure:3184: gcc -c -g  conftest.c >&5
configure:3184: $? = 0
configure:3225: result: yes
configure:3242: checking for gcc option to accept ISO C89
configure:3305: gcc  -c -g -O2  conftest.c >&5
configure:3305: $? = 0
configure:3318: result: none needed
configure:3338: checking for a sed that does not truncate output
configure:3402: result: /bin/sed
configure:3407: checking for grep that handles long lines and -e
configure:3465: result: /bin/grep
configure:3484: checking for a BSD-compatible install
configure:3552: result: /usr/bin/install -c
configure:3606: checking for ranlib
configure:3622: found /usr/bin/ranlib
configure:3633: result: ranlib
configure:3658: checking for error_at_line
configure:3674: gcc -o conftest -g -O2   conftest.c  >&5
configure:3674: $? = 0
configure:3682: result: yes
configure:3698: checking how to run the C preprocessor
configure:3729: gcc -E  conftest.c
configure:3729: $? = 0
configure:3743: gcc -E  conftest.c
conftest.c:9:10: fatal error: ac_nonexistent.h: No such file or directory
    9 | #include <ac_nonexistent.h>
      |          ^~~~~~~~~~~~~~~~~~
compilation terminated.
configure:3743: $? = 1
configure: failed program was:
| /* confdefs.h */
| #define PACKAGE_NAME "liquid-dsp"
| #define PACKAGE_TARNAME "liquid-dsp"
| #define PACKAGE_VERSION "1.3.2"
| #define PACKAGE_STRING "liquid-dsp 1.3.2"
| #define PACKAGE_BUGREPORT "joseph@liquidsdr.org"
| #define PACKAGE_URL ""
| /* end confdefs.h.  */
| #include <ac_nonexistent.h>
configure:3768: result: gcc -E
configure:3788: gcc -E  conftest.c
configure:3788: $? = 0
configure:3802: gcc -E  conftest.c
conftest.c:9:10: fatal error: ac_nonexistent.h: No such file or directory
    9 | #include <ac_nonexistent.h>
      |          ^~~~~~~~~~~~~~~~~~
compilation terminated.
configure:3802: $? = 1
configure: failed program was:
| /* confdefs.h */
| #define PACKAGE_NAME "liquid-dsp"
| #define PACKAGE_TARNAME "liquid-dsp"
| #define PACKAGE_VERSION "1.3.2"
| #define PACKAGE_STRING "liquid-dsp 1.3.2"
| #define PACKAGE_BUGREPORT "joseph@liquidsdr.org"
| #define PACKAGE_URL ""
| /* end confdefs.h.  */
| #include <ac_nonexistent.h>
configure:3831: checking for egrep
configure:3893: result: /bin/grep -E
configure:3898: checking for ANSI C header files
configure:3918: gcc -c -g -O2  conftest.c >&5
configure:3918: $? = 0
configure:3991: gcc -o conftest -g -O2   conftest.c  >&5
configure:3991: $? = 0
configure:3991: ./conftest
configure:3991: $? = 0
configure:4002: result: yes
configure:4015: checking for sys/types.h
configure:4015: gcc -c -g -O2  conftest.c >&5
configure:4015: $? = 0
configure:4015: result: yes
configure:4015: checking for sys/stat.h
configure:4015: gcc -c -g -O2  conftest.c >&5
configure:4015: $? = 0
configure:4015: result: yes
configure:4015: checking for stdlib.h
configure:4015: gcc -c -g -O2  conftest.c >&5
configure:4015: $? = 0
configure:4015: result: yes
configure:4015: checking for string.h
configure:4015: gcc -c -g -O2  conftest.c >&5
configure:4015: $? = 0
configure:4015: result: yes
configure:4015: checking for memory.h
configure:4015: gcc -c -g -O2  conftest.c >&5
configure:4015: $? = 0
configure:4015: result: yes
configure:4015: checking for strings.h
configure:4015: gcc -c -g -O2  conftest.c >&5
configure:4015: $? = 0
configure:4015: result: yes
configure:4015: checking for inttypes.h
configure:4015: gcc -c -g -O2  conftest.c >&5
configure:4015: $? = 0
configure:4015: result: yes
configure:4015: checking for stdint.h
configure:4015: gcc -c -g -O2  conftest.c >&5
configure:4015: $? = 0
configure:4015: result: yes
configure:4015: checking for unistd.h
configure:4015: gcc -c -g -O2  conftest.c >&5
configure:4015: $? = 0
configure:4015: result: yes
configure:4029: checking for stdlib.h
configure:4029: result: yes
configure:4039: checking for GNU libc compatible malloc
configure:4063: gcc -o conftest -g -O2   conftest.c  >&5
configure:4063: $? = 0
configure:4063: ./conftest
configure:4063: $? = 0
configure:4073: result: yes
configure:4096: checking for stdlib.h
configure:4096: result: yes
configure:4106: checking for GNU libc compatible realloc
configure:4130: gcc -o conftest -g -O2   conftest.c  >&5
configure:4130: $? = 0
configure:4130: ./conftest
configure:4130: $? = 0
configure:4140: result: yes
configure:4163: checking for main in -lc
configure:4182: gcc -o conftest -g -O2   conftest.c -lc   >&5
configure:4182: $? = 0
configure:4191: result: yes
configure:4204: checking for main in -lm
configure:4223: gcc -o conftest -g -O2   conftest.c -lm  -lc  >&5
configure:4223: $? = 0
configure:4232: result: yes
configure:4250: checking for malloc
configure:4250: gcc -o conftest -g -O2   conftest.c -lm -lc  >&5
conftest.c:48:6: warning: conflicting types for built-in function 'malloc'; expected 'void *(long unsigned int)' [-Wbuiltin-declaration-mismatch]
   48 | char malloc ();
      |      ^~~~~~
conftest.c:36:1: note: 'malloc' is declared in header '<stdlib.h>'
   35 | # include <limits.h>
   36 | #else
configure:4250: $? = 0
configure:4250: result: yes
configure:4250: checking for realloc
configure:4250: gcc -o conftest -g -O2   conftest.c -lm -lc  >&5
conftest.c:49:6: warning: conflicting types for built-in function 'realloc'; expected 'void *(void *, long unsigned int)' [-Wbuiltin-declaration-mismatch]
   49 | char realloc ();
      |      ^~~~~~~
conftest.c:37:1: note: 'realloc' is declared in header '<stdlib.h>'
   36 | # include <limits.h>
   37 | #else
configure:4250: $? = 0
configure:4250: result: yes
configure:4250: checking for free
configure:4250: gcc -o conftest -g -O2   conftest.c -lm -lc  >&5
conftest.c:50:6: warning: conflicting types for built-in function 'free'; expected 'void(void *)' [-Wbuiltin-declaration-mismatch]
   50 | char free ();
      |      ^~~~
conftest.c:38:1: note: 'free' is declared in header '<stdlib.h>'
   37 | # include <limits.h>
   38 | #else
configure:4250: $? = 0
configure:4250: result: yes
configure:4250: checking for memset
configure:4250: gcc -o conftest -g -O2   conftest.c -lm -lc  >&5
conftest.c:51:6: warning: conflicting types for built-in function 'memset'; expected 'void *(void *, int,  long unsigned int)' [-Wbuiltin-declaration-mismatch]
   51 | char memset ();
      |      ^~~~~~
conftest.c:39:1: note: 'memset' is declared in header '<string.h>'
   38 | # include <limits.h>
   39 | #else
configure:4250: $? = 0
configure:4250: result: yes
configure:4250: checking for memmove
configure:4250: gcc -o conftest -g -O2   conftest.c -lm -lc  >&5
conftest.c:52:6: warning: conflicting types for built-in function 'memmove'; expected 'void *(void *, const void *, long unsigned int)' [-Wbuiltin-declaration-mismatch]
   52 | char memmove ();
      |      ^~~~~~~
conftest.c:40:1: note: 'memmove' is declared in header '<string.h>'
   39 | # include <limits.h>
   40 | #else
configure:4250: $? = 0
configure:4250: result: yes
configure:4264: checking for sinf
configure:4264: gcc -o conftest -g -O2   conftest.c -lm -lc  >&5
conftest.c:53:6: warning: conflicting types for built-in function 'sinf'; expected 'float(float)' [-Wbuiltin-declaration-mismatch]
   53 | char sinf ();
      |      ^~~~
conftest.c:41:1: note: 'sinf' is declared in header '<math.h>'
   40 | # include <limits.h>
   41 | #else
configure:4264: $? = 0
configure:4264: result: yes
configure:4264: checking for cosf
configure:4264: gcc -o conftest -g -O2   conftest.c -lm -lc  >&5
conftest.c:54:6: warning: conflicting types for built-in function 'cosf'; expected 'float(float)' [-Wbuiltin-declaration-mismatch]
   54 | char cosf ();
      |      ^~~~
conftest.c:42:1: note: 'cosf' is declared in header '<math.h>'
   41 | # include <limits.h>
   42 | #else
configure:4264: $? = 0
configure:4264: result: yes
configure:4264: checking for expf
configure:4264: gcc -o conftest -g -O2   conftest.c -lm -lc  >&5
conftest.c:55:6: warning: conflicting types for built-in function 'expf'; expected 'float(float)' [-Wbuiltin-declaration-mismatch]
   55 | char expf ();
      |      ^~~~
conftest.c:43:1: note: 'expf' is declared in header '<math.h>'
   42 | # include <limits.h>
   43 | #else
configure:4264: $? = 0
configure:4264: result: yes
configure:4264: checking for cargf
configure:4264: gcc -o conftest -g -O2   conftest.c -lm -lc  >&5
conftest.c:56:6: warning: conflicting types for built-in function 'cargf'; expected 'float(_Complex float)' [-Wbuiltin-declaration-mismatch]
   56 | char cargf ();
      |      ^~~~~
conftest.c:44:1: note: 'cargf' is declared in header '<complex.h>'
   43 | # include <limits.h>
   44 | #else
configure:4264: $? = 0
configure:4264: result: yes
configure:4264: checking for cexpf
configure:4264: gcc -o conftest -g -O2   conftest.c -lm -lc  >&5
conftest.c:57:6: warning: conflicting types for built-in function 'cexpf'; expected '_Complex float(_Complex float)' [-Wbuiltin-declaration-mismatch]
   57 | char cexpf ();
      |      ^~~~~
conftest.c:45:1: note: 'cexpf' is declared in header '<complex.h>'
   44 | # include <limits.h>
   45 | #else
configure:4264: $? = 0
configure:4264: result: yes
configure:4264: checking for crealf
configure:4264: gcc -o conftest -g -O2   conftest.c -lm -lc  >&5
conftest.c:58:6: warning: conflicting types for built-in function 'crealf'; expected 'float(_Complex float)' [-Wbuiltin-declaration-mismatch]
   58 | char crealf ();
      |      ^~~~~~
conftest.c:46:1: note: 'crealf' is declared in header '<complex.h>'
   45 | # include <limits.h>
   46 | #else
configure:4264: $? = 0
configure:4264: result: yes
configure:4264: checking for cimagf
configure:4264: gcc -o conftest -g -O2   conftest.c -lm -lc  >&5
conftest.c:59:6: warning: conflicting types for built-in function 'cimagf'; expected 'float(_Complex float)' [-Wbuiltin-declaration-mismatch]
   59 | char cimagf ();
      |      ^~~~~~
conftest.c:47:1: note: 'cimagf' is declared in header '<complex.h>'
   46 | # include <limits.h>
   47 | #else
configure:4264: $? = 0
configure:4264: result: yes
configure:4264: checking for sqrtf
configure:4264: gcc -o conftest -g -O2   conftest.c -lm -lc  >&5
conftest.c:60:6: warning: conflicting types for built-in function 'sqrtf'; expected 'float(float)' [-Wbuiltin-declaration-mismatch]
   60 | char sqrtf ();
      |      ^~~~~
conftest.c:48:1: note: 'sqrtf' is declared in header '<math.h>'
   47 | # include <limits.h>
   48 | #else
configure:4264: $? = 0
configure:4264: result: yes
configure:4280: checking stdio.h usability
configure:4280: gcc -c -g -O2  conftest.c >&5
configure:4280: $? = 0
configure:4280: result: yes
configure:4280: checking stdio.h presence
configure:4280: gcc -E  conftest.c
configure:4280: $? = 0
configure:4280: result: yes
configure:4280: checking for stdio.h
configure:4280: result: yes
configure:4280: checking for stdlib.h
configure:4280: result: yes
configure:4280: checking complex.h usability
configure:4280: gcc -c -g -O2  conftest.c >&5
configure:4280: $? = 0
configure:4280: result: yes
configure:4280: checking complex.h presence
configure:4280: gcc -E  conftest.c
configure:4280: $? = 0
configure:4280: result: yes
configure:4280: checking for complex.h
configure:4280: result: yes
configure:4280: checking for string.h
configure:4280: result: yes
configure:4280: checking getopt.h usability
configure:4280: gcc -c -g -O2  conftest.c >&5
configure:4280: $? = 0
configure:4280: result: yes
configure:4280: checking getopt.h presence
configure:4280: gcc -E  conftest.c
configure:4280: $? = 0
configure:4280: result: yes
configure:4280: checking for getopt.h
configure:4280: result: yes
configure:4280: checking sys/resource.h usability
configure:4280: gcc -c -g -O2  conftest.c >&5
configure:4280: $? = 0
configure:4280: result: yes
configure:4280: checking sys/resource.h presence
configure:4280: gcc -E  conftest.c
configure:4280: $? = 0
configure:4280: result: yes
configure:4280: checking for sys/resource.h
configure:4280: result: yes
configure:4280: checking float.h usability
configure:4280: gcc -c -g -O2  conftest.c >&5
configure:4280: $? = 0
configure:4280: result: yes
configure:4280: checking float.h presence
configure:4280: gcc -E  conftest.c
configure:4280: $? = 0
configure:4280: result: yes
configure:4280: checking for float.h
configure:4280: result: yes
configure:4280: checking for inttypes.h
configure:4280: result: yes
configure:4280: checking limits.h usability
configure:4280: gcc -c -g -O2  conftest.c >&5
configure:4280: $? = 0
configure:4280: result: yes
configure:4280: checking limits.h presence
configure:4280: gcc -E  conftest.c
configure:4280: $? = 0
configure:4280: result: yes
configure:4280: checking for limits.h
configure:4280: result: yes
configure:4280: checking for stdlib.h
configure:4280: result: yes
configure:4280: checking for string.h
configure:4280: result: yes
configure:4280: checking for unistd.h
configure:4280: result: yes
configure:4297: checking fec.h usability
configure:4297: gcc -c -g -O2  conftest.c >&5
conftest.c:83:10: fatal error: fec.h: No such file or directory
   83 | #include <fec.h>
      |          ^~~~~~~
compilation terminated.
configure:4297: $? = 1
configure: failed program was:
| /* confdefs.h */
| #define PACKAGE_NAME "liquid-dsp"
| #define PACKAGE_TARNAME "liquid-dsp"
| #define PACKAGE_VERSION "1.3.2"
| #define PACKAGE_STRING "liquid-dsp 1.3.2"
| #define PACKAGE_BUGREPORT "joseph@liquidsdr.org"
| #define PACKAGE_URL ""
| #define STDC_HEADERS 1
| #define HAVE_SYS_TYPES_H 1
| #define HAVE_SYS_STAT_H 1
| #define HAVE_STDLIB_H 1
| #define HAVE_STRING_H 1
| #define HAVE_MEMORY_H 1
| #define HAVE_STRINGS_H 1
| #define HAVE_INTTYPES_H 1
| #define HAVE_STDINT_H 1
| #define HAVE_UNISTD_H 1
| #define HAVE_STDLIB_H 1
| #define HAVE_MALLOC 1
| #define HAVE_STDLIB_H 1
| #define HAVE_REALLOC 1
| #define HAVE_LIBC 1
| #define HAVE_LIBM 1
| #define HAVE_MALLOC 1
| #define HAVE_REALLOC 1
| #define HAVE_FREE 1
| #define HAVE_MEMSET 1
| #define HAVE_MEMMOVE 1
| #define HAVE_SINF 1
| #define HAVE_COSF 1
| #define HAVE_EXPF 1
| #define HAVE_CARGF 1
| #define HAVE_CEXPF 1
| #define HAVE_CREALF 1
| #define HAVE_CIMAGF 1
| #define HAVE_SQRTF 1
| #define HAVE_STDIO_H 1
| #define HAVE_STDLIB_H 1
| #define HAVE_COMPLEX_H 1
| #define HAVE_STRING_H 1
| #define HAVE_GETOPT_H 1
| #define HAVE_SYS_RESOURCE_H 1
| #define HAVE_FLOAT_H 1
| #define HAVE_INTTYPES_H 1
| #define HAVE_LIMITS_H 1
| #define HAVE_STDLIB_H 1
| #define HAVE_STRING_H 1
| #define HAVE_UNISTD_H 1
| /* end confdefs.h.  */
| #include <stdio.h>
| #ifdef HAVE_SYS_TYPES_H
| # include <sys/types.h>
| #endif
| #ifdef HAVE_SYS_STAT_H
| # include <sys/stat.h>
| #endif
| #ifdef STDC_HEADERS
| # include <stdlib.h>
| # include <stddef.h>
| #else
| # ifdef HAVE_STDLIB_H
| #  include <stdlib.h>
| # endif
| #endif
| #ifdef HAVE_STRING_H
| # if !defined STDC_HEADERS && defined HAVE_MEMORY_H
| #  include <memory.h>
| # endif
| # include <string.h>
| #endif
| #ifdef HAVE_STRINGS_H
| # include <strings.h>
| #endif
| #ifdef HAVE_INTTYPES_H
| # include <inttypes.h>
| #endif
| #ifdef HAVE_STDINT_H
| # include <stdint.h>
| #endif
| #ifdef HAVE_UNISTD_H
| # include <unistd.h>
| #endif
| #include <fec.h>
configure:4297: result: no
configure:4297: checking fec.h presence
configure:4297: gcc -E  conftest.c
conftest.c:50:10: fatal error: fec.h: No such file or directory
   50 | #include <fec.h>
      |          ^~~~~~~
compilation terminated.
configure:4297: $? = 1
configure: failed program was:
| /* confdefs.h */
| #define PACKAGE_NAME "liquid-dsp"
| #define PACKAGE_TARNAME "liquid-dsp"
| #define PACKAGE_VERSION "1.3.2"
| #define PACKAGE_STRING "liquid-dsp 1.3.2"
| #define PACKAGE_BUGREPORT "joseph@liquidsdr.org"
| #define PACKAGE_URL ""
| #define STDC_HEADERS 1
| #define HAVE_SYS_TYPES_H 1
| #define HAVE_SYS_STAT_H 1
| #define HAVE_STDLIB_H 1
| #define HAVE_STRING_H 1
| #define HAVE_MEMORY_H 1
| #define HAVE_STRINGS_H 1
| #define HAVE_INTTYPES_H 1
| #define HAVE_STDINT_H 1
| #define HAVE_UNISTD_H 1
| #define HAVE_STDLIB_H 1
| #define HAVE_MALLOC 1
| #define HAVE_STDLIB_H 1
| #define HAVE_REALLOC 1
| #define HAVE_LIBC 1
| #define HAVE_LIBM 1
| #define HAVE_MALLOC 1
| #define HAVE_REALLOC 1
| #define HAVE_FREE 1
| #define HAVE_MEMSET 1
| #define HAVE_MEMMOVE 1
| #define HAVE_SINF 1
| #define HAVE_COSF 1
| #define HAVE_EXPF 1
| #define HAVE_CARGF 1
| #define HAVE_CEXPF 1
| #define HAVE_CREALF 1
| #define HAVE_CIMAGF 1
| #define HAVE_SQRTF 1
| #define HAVE_STDIO_H 1
| #define HAVE_STDLIB_H 1
| #define HAVE_COMPLEX_H 1
| #define HAVE_STRING_H 1
| #define HAVE_GETOPT_H 1
| #define HAVE_SYS_RESOURCE_H 1
| #define HAVE_FLOAT_H 1
| #define HAVE_INTTYPES_H 1
| #define HAVE_LIMITS_H 1
| #define HAVE_STDLIB_H 1
| #define HAVE_STRING_H 1
| #define HAVE_UNISTD_H 1
| /* end confdefs.h.  */
| #include <fec.h>
configure:4297: result: no
configure:4297: checking for fec.h
configure:4297: result: no
configure:4297: checking fftw3.h usability
configure:4297: gcc -c -g -O2  conftest.c >&5
configure:4297: $? = 0
configure:4297: result: yes
configure:4297: checking fftw3.h presence
configure:4297: gcc -E  conftest.c
configure:4297: $? = 0
configure:4297: result: yes
configure:4297: checking for fftw3.h
configure:4297: result: yes
configure:4307: checking for fftwf_plan_dft_1d in -lfftw3f
configure:4332: gcc -o conftest -g -O2   conftest.c -lfftw3f  -lm -lc  >&5
configure:4332: $? = 0
configure:4341: result: yes
configure:4355: checking for create_viterbi27 in -lfec
configure:4380: gcc -o conftest -g -O2   conftest.c -lfec  -lfftw3f -lm -lc  >&5
/usr/bin/ld: cannot find -lfec
collect2: error: ld returned 1 exit status
configure:4380: $? = 1
configure: failed program was:
| /* confdefs.h */
| #define PACKAGE_NAME "liquid-dsp"
| #define PACKAGE_TARNAME "liquid-dsp"
| #define PACKAGE_VERSION "1.3.2"
| #define PACKAGE_STRING "liquid-dsp 1.3.2"
| #define PACKAGE_BUGREPORT "joseph@liquidsdr.org"
| #define PACKAGE_URL ""
| #define STDC_HEADERS 1
| #define HAVE_SYS_TYPES_H 1
| #define HAVE_SYS_STAT_H 1
| #define HAVE_STDLIB_H 1
| #define HAVE_STRING_H 1
| #define HAVE_MEMORY_H 1
| #define HAVE_STRINGS_H 1
| #define HAVE_INTTYPES_H 1
| #define HAVE_STDINT_H 1
| #define HAVE_UNISTD_H 1
| #define HAVE_STDLIB_H 1
| #define HAVE_MALLOC 1
| #define HAVE_STDLIB_H 1
| #define HAVE_REALLOC 1
| #define HAVE_LIBC 1
| #define HAVE_LIBM 1
| #define HAVE_MALLOC 1
| #define HAVE_REALLOC 1
| #define HAVE_FREE 1
| #define HAVE_MEMSET 1
| #define HAVE_MEMMOVE 1
| #define HAVE_SINF 1
| #define HAVE_COSF 1
| #define HAVE_EXPF 1
| #define HAVE_CARGF 1
| #define HAVE_CEXPF 1
| #define HAVE_CREALF 1
| #define HAVE_CIMAGF 1
| #define HAVE_SQRTF 1
| #define HAVE_STDIO_H 1
| #define HAVE_STDLIB_H 1
| #define HAVE_COMPLEX_H 1
| #define HAVE_STRING_H 1
| #define HAVE_GETOPT_H 1
| #define HAVE_SYS_RESOURCE_H 1
| #define HAVE_FLOAT_H 1
| #define HAVE_INTTYPES_H 1
| #define HAVE_LIMITS_H 1
| #define HAVE_STDLIB_H 1
| #define HAVE_STRING_H 1
| #define HAVE_UNISTD_H 1
| #define HAVE_FFTW3_H 1
| #define HAVE_LIBFFTW3F 1
| /* end confdefs.h.  */
| 
| /* Override any GCC internal prototype to avoid an error.
|    Use char because int might match the return type of a GCC
|    builtin and then its argument prototype would still apply.  */
| #ifdef __cplusplus
| extern "C"
| #endif
| char create_viterbi27 ();
| int
| main ()
| {
| return create_viterbi27 ();
|   ;
|   return 0;
| }
configure:4389: result: no
configure:4399: WARNING: fec library useful but not required
configure:4405: checking for inline
configure:4421: gcc -c -g -O2  conftest.c >&5
configure:4421: $? = 0
configure:4429: result: inline
configure:4447: checking for size_t
configure:4447: gcc -c -g -O2  conftest.c >&5
configure:4447: $? = 0
configure:4447: gcc -c -g -O2  conftest.c >&5
conftest.c: In function 'main':
conftest.c:88:21: error: expected expression before ')' token
   88 | if (sizeof ((size_t)))
      |                     ^
configure:4447: $? = 1
configure: failed program was:
| /* confdefs.h */
| #define PACKAGE_NAME "liquid-dsp"
| #define PACKAGE_TARNAME "liquid-dsp"
| #define PACKAGE_VERSION "1.3.2"
| #define PACKAGE_STRING "liquid-dsp 1.3.2"
| #define PACKAGE_BUGREPORT "joseph@liquidsdr.org"
| #define PACKAGE_URL ""
| #define STDC_HEADERS 1
| #define HAVE_SYS_TYPES_H 1
| #define HAVE_SYS_STAT_H 1
| #define HAVE_STDLIB_H 1
| #define HAVE_STRING_H 1
| #define HAVE_MEMORY_H 1
| #define HAVE_STRINGS_H 1
| #define HAVE_INTTYPES_H 1
| #define HAVE_STDINT_H 1
| #define HAVE_UNISTD_H 1
| #define HAVE_STDLIB_H 1
| #define HAVE_MALLOC 1
| #define HAVE_STDLIB_H 1
| #define HAVE_REALLOC 1
| #define HAVE_LIBC 1
| #define HAVE_LIBM 1
| #define HAVE_MALLOC 1
| #define HAVE_REALLOC 1
| #define HAVE_FREE 1
| #define HAVE_MEMSET 1
| #define HAVE_MEMMOVE 1
| #define HAVE_SINF 1
| #define HAVE_COSF 1
| #define HAVE_EXPF 1
| #define HAVE_CARGF 1
| #define HAVE_CEXPF 1
| #define HAVE_CREALF 1
| #define HAVE_CIMAGF 1
| #define HAVE_SQRTF 1
| #define HAVE_STDIO_H 1
| #define HAVE_STDLIB_H 1
| #define HAVE_COMPLEX_H 1
| #define HAVE_STRING_H 1
| #define HAVE_GETOPT_H 1
| #define HAVE_SYS_RESOURCE_H 1
| #define HAVE_FLOAT_H 1
| #define HAVE_INTTYPES_H 1
| #define HAVE_LIMITS_H 1
| #define HAVE_STDLIB_H 1
| #define HAVE_STRING_H 1
| #define HAVE_UNISTD_H 1
| #define HAVE_FFTW3_H 1
| #define HAVE_LIBFFTW3F 1
| /* end confdefs.h.  */
| #include <stdio.h>
| #ifdef HAVE_SYS_TYPES_H
| # include <sys/types.h>
| #endif
| #ifdef HAVE_SYS_STAT_H
| # include <sys/stat.h>
| #endif
| #ifdef STDC_HEADERS
| # include <stdlib.h>
| # include <stddef.h>
| #else
| # ifdef HAVE_STDLIB_H
| #  include <stdlib.h>
| # endif
| #endif
| #ifdef HAVE_STRING_H
| # if !defined STDC_HEADERS && defined HAVE_MEMORY_H
| #  include <memory.h>
| # endif
| # include <string.h>
| #endif
| #ifdef HAVE_STRINGS_H
| # include <strings.h>
| #endif
| #ifdef HAVE_INTTYPES_H
| # include <inttypes.h>
| #endif
| #ifdef HAVE_STDINT_H
| # include <stdint.h>
| #endif
| #ifdef HAVE_UNISTD_H
| # include <unistd.h>
| #endif
| int
| main ()
| {
| if (sizeof ((size_t)))
| 	    return 0;
|   ;
|   return 0;
| }
configure:4447: result: yes
configure:4458: checking for uint32_t
configure:4458: gcc -c -g -O2  conftest.c >&5
configure:4458: $? = 0
configure:4458: result: yes
configure:4472: checking for uint8_t
configure:4472: gcc -c -g -O2  conftest.c >&5
configure:4472: $? = 0
configure:4472: result: yes
configure:4492: checking size of short int
configure:4497: gcc -o conftest -g -O2   conftest.c -lfftw3f -lm -lc  >&5
configure:4497: $? = 0
configure:4497: ./conftest
configure:4497: $? = 0
configure:4511: result: 2
configure:4525: checking size of int
configure:4530: gcc -o conftest -g -O2   conftest.c -lfftw3f -lm -lc  >&5
configure:4530: $? = 0
configure:4530: ./conftest
configure:4530: $? = 0
configure:4544: result: 4
configure:4558: checking size of long int
configure:4563: gcc -o conftest -g -O2   conftest.c -lfftw3f -lm -lc  >&5
configure:4563: $? = 0
configure:4563: ./conftest
configure:4563: $? = 0
configure:4577: result: 8
configure:4591: checking size of long long int
configure:4596: gcc -o conftest -g -O2   conftest.c -lfftw3f -lm -lc  >&5
configure:4596: $? = 0
configure:4596: ./conftest
configure:4596: $? = 0
configure:4610: result: 8
configure:4632: checking build system type
configure:4646: result: x86_64-pc-linux-gnu
configure:4666: checking host system type
configure:4679: result: x86_64-pc-linux-gnu
configure:4699: checking target system type
configure:4712: result: x86_64-pc-linux-gnu
configure:4766: checking for x86 cpuid  output
configure:4795: gcc -o conftest -g -O2   conftest.c -lfftw3f -lm -lc  >&5
conftest.c: In function 'main':
conftest.c:61:15: error: expected expression before ',' token
   61 |      int op = , eax, ebx, ecx, edx;
      |               ^
configure:4795: $? = 1
configure: program exited with status 1
configure: failed program was:
| /* confdefs.h */
| #define PACKAGE_NAME "liquid-dsp"
| #define PACKAGE_TARNAME "liquid-dsp"
| #define PACKAGE_VERSION "1.3.2"
| #define PACKAGE_STRING "liquid-dsp 1.3.2"
| #define PACKAGE_BUGREPORT "joseph@liquidsdr.org"
| #define PACKAGE_URL ""
| #define STDC_HEADERS 1
| #define HAVE_SYS_TYPES_H 1
| #define HAVE_SYS_STAT_H 1
| #define HAVE_STDLIB_H 1
| #define HAVE_STRING_H 1
| #define HAVE_MEMORY_H 1
| #define HAVE_STRINGS_H 1
| #define HAVE_INTTYPES_H 1
| #define HAVE_STDINT_H 1
| #define HAVE_UNISTD_H 1
| #define HAVE_STDLIB_H 1
| #define HAVE_MALLOC 1
| #define HAVE_STDLIB_H 1
| #define HAVE_REALLOC 1
| #define HAVE_LIBC 1
| #define HAVE_LIBM 1
| #define HAVE_MALLOC 1
| #define HAVE_REALLOC 1
| #define HAVE_FREE 1
| #define HAVE_MEMSET 1
| #define HAVE_MEMMOVE 1
| #define HAVE_SINF 1
| #define HAVE_COSF 1
| #define HAVE_EXPF 1
| #define HAVE_CARGF 1
| #define HAVE_CEXPF 1
| #define HAVE_CREALF 1
| #define HAVE_CIMAGF 1
| #define HAVE_SQRTF 1
| #define HAVE_STDIO_H 1
| #define HAVE_STDLIB_H 1
| #define HAVE_COMPLEX_H 1
| #define HAVE_STRING_H 1
| #define HAVE_GETOPT_H 1
| #define HAVE_SYS_RESOURCE_H 1
| #define HAVE_FLOAT_H 1
| #define HAVE_INTTYPES_H 1
| #define HAVE_LIMITS_H 1
| #define HAVE_STDLIB_H 1
| #define HAVE_STRING_H 1
| #define HAVE_UNISTD_H 1
| #define HAVE_FFTW3_H 1
| #define HAVE_LIBFFTW3F 1
| #define SIZEOF_SHORT_INT 2
| #define SIZEOF_INT 4
| #define SIZEOF_LONG_INT 8
| #define SIZEOF_LONG_LONG_INT 8
| /* end confdefs.h.  */
| #include <stdio.h>
| int
| main ()
| {
| 
|      int op = , eax, ebx, ecx, edx;
|      FILE *f;
|       __asm__("cpuid"
|         : "=a" (eax), "=b" (ebx), "=c" (ecx), "=d" (edx)
|         : "a" (op));
|      f = fopen("conftest_cpuid", "w"); if (!f) return 1;
|      fprintf(f, "%x:%x:%x:%x\n", eax, ebx, ecx, edx);
|      fclose(f);
|      return 0;
| 
|   ;
|   return 0;
| }
configure:4805: result: unknown
configure:4824: checking for x86 cpuid 0x00000001 output
configure:4853: gcc -o conftest -g -O2   conftest.c -lfftw3f -lm -lc  >&5
configure:4853: $? = 0
configure:4853: ./conftest
configure:4853: $? = 0
configure:4863: result: 906e9:1020800:defa2203:178bfbff
configure:4883: checking mmintrin.h usability
configure:4883: gcc -c -g -O2  conftest.c >&5
configure:4883: $? = 0
configure:4883: result: yes
configure:4883: checking mmintrin.h presence
configure:4883: gcc -E  conftest.c
configure:4883: $? = 0
configure:4883: result: yes
configure:4883: checking for mmintrin.h
configure:4883: result: yes
configure:4883: checking xmmintrin.h usability
configure:4883: gcc -c -g -O2  conftest.c >&5
configure:4883: $? = 0
configure:4883: result: yes
configure:4883: checking xmmintrin.h presence
configure:4883: gcc -E  conftest.c
configure:4883: $? = 0
configure:4883: result: yes
configure:4883: checking for xmmintrin.h
configure:4883: result: yes
configure:4883: checking emmintrin.h usability
configure:4883: gcc -c -g -O2  conftest.c >&5
configure:4883: $? = 0
configure:4883: result: yes
configure:4883: checking emmintrin.h presence
configure:4883: gcc -E  conftest.c
configure:4883: $? = 0
configure:4883: result: yes
configure:4883: checking for emmintrin.h
configure:4883: result: yes
configure:4883: checking pmmintrin.h usability
configure:4883: gcc -c -g -O2  conftest.c >&5
configure:4883: $? = 0
configure:4883: result: yes
configure:4883: checking pmmintrin.h presence
configure:4883: gcc -E  conftest.c
configure:4883: $? = 0
configure:4883: result: yes
configure:4883: checking for pmmintrin.h
configure:4883: result: yes
configure:4883: checking tmmintrin.h usability
configure:4883: gcc -c -g -O2  conftest.c >&5
configure:4883: $? = 0
configure:4883: result: yes
configure:4883: checking tmmintrin.h presence
configure:4883: gcc -E  conftest.c
configure:4883: $? = 0
configure:4883: result: yes
configure:4883: checking for tmmintrin.h
configure:4883: result: yes
configure:4883: checking smmintrin.h usability
configure:4883: gcc -c -g -O2  conftest.c >&5
configure:4883: $? = 0
configure:4883: result: yes
configure:4883: checking smmintrin.h presence
configure:4883: gcc -E  conftest.c
configure:4883: $? = 0
configure:4883: result: yes
configure:4883: checking for smmintrin.h
configure:4883: result: yes
configure:4883: checking immintrin.h usability
configure:4883: gcc -c -g -O2  conftest.c >&5
configure:4883: $? = 0
configure:4883: result: yes
configure:4883: checking immintrin.h presence
configure:4883: gcc -E  conftest.c
configure:4883: $? = 0
configure:4883: result: yes
configure:4883: checking for immintrin.h
configure:4883: result: yes
configure:4894: checking whether mmx is supported
configure:4906: result: yes
configure:4909: checking whether sse is supported
configure:4921: result: yes
configure:4924: checking whether sse2 is supported
configure:4936: result: yes
configure:4939: checking whether sse3 is supported
configure:4951: result: yes
configure:4954: checking whether ssse3 is supported
configure:4966: result: yes
configure:4969: checking whether sse4.1 is supported
configure:4981: result: yes
configure:4984: checking whether sse4.2 is supported
configure:4996: result: yes
configure:4999: checking whether avx is supported
configure:5011: result: yes
configure:5018: checking whether C compiler accepts -mmmx
configure:5037: gcc -c -g -O2  -mmmx  conftest.c >&5
configure:5037: $? = 0
configure:5045: result: yes
configure:5059: checking whether C compiler accepts -msse
configure:5078: gcc -c -g -O2  -msse  conftest.c >&5
configure:5078: $? = 0
configure:5086: result: yes
configure:5100: checking whether C compiler accepts -msse2
configure:5119: gcc -c -g -O2  -msse2  conftest.c >&5
configure:5119: $? = 0
configure:5127: result: yes
configure:5141: checking whether C compiler accepts -msse3
configure:5160: gcc -c -g -O2  -msse3  conftest.c >&5
configure:5160: $? = 0
configure:5168: result: yes
configure:5182: checking whether C compiler accepts -mssse3
configure:5201: gcc -c -g -O2  -mssse3  conftest.c >&5
configure:5201: $? = 0
configure:5209: result: yes
configure:5223: checking whether C compiler accepts -msse4.1
configure:5242: gcc -c -g -O2  -msse4.1  conftest.c >&5
configure:5242: $? = 0
configure:5250: result: yes
configure:5264: checking whether C compiler accepts -msse4.2
configure:5283: gcc -c -g -O2  -msse4.2  conftest.c >&5
configure:5283: $? = 0
configure:5291: result: yes
configure:5305: checking whether C compiler accepts -mavx
configure:5324: gcc -c -g -O2  -mavx  conftest.c >&5
configure:5324: $? = 0
configure:5332: result: yes
configure:5568: checking for ar
configure:5584: found /usr/bin/ar
configure:5595: result: ar
configure:5748: creating ./config.status

## ---------------------- ##
## Running config.status. ##
## ---------------------- ##

This file was extended by liquid-dsp config.status 1.3.2, which was
generated by GNU Autoconf 2.69.  Invocation command line was

  CONFIG_FILES    = 
  CONFIG_HEADERS  = 
  CONFIG_LINKS    = 
  CONFIG_COMMANDS = 
  $ ./config.status 

on josh-VirtualBox

config.status:880: creating makefile
config.status:880: creating config.h
config.status:1055: config.h is unchanged

## ---------------- ##
## Cache variables. ##
## ---------------- ##

ac_cv_build=x86_64-pc-linux-gnu
ac_cv_c_compiler_gnu=yes
ac_cv_c_inline=inline
ac_cv_c_uint32_t=yes
ac_cv_c_uint8_t=yes
ac_cv_env_CC_set=
ac_cv_env_CC_value=
ac_cv_env_CFLAGS_set=
ac_cv_env_CFLAGS_value=
ac_cv_env_CPPFLAGS_set=
ac_cv_env_CPPFLAGS_value=
ac_cv_env_CPP_set=
ac_cv_env_CPP_value=
ac_cv_env_LDFLAGS_set=
ac_cv_env_LDFLAGS_value=
ac_cv_env_LIBS_set=
ac_cv_env_LIBS_value=
ac_cv_env_build_alias_set=
ac_cv_env_build_alias_value=
ac_cv_env_host_alias_set=
ac_cv_env_host_alias_value=
ac_cv_env_target_alias_set=
ac_cv_env_target_alias_value=
ac_cv_func_cargf=yes
ac_cv_func_cexpf=yes
ac_cv_func_cimagf=yes
ac_cv_func_cosf=yes
ac_cv_func_crealf=yes
ac_cv_func_expf=yes
ac_cv_func_free=yes
ac_cv_func_malloc=yes
ac_cv_func_malloc_0_nonnull=yes
ac_cv_func_memmove=yes
ac_cv_func_memset=yes
ac_cv_func_realloc=yes
ac_cv_func_realloc_0_nonnull=yes
ac_cv_func_sinf=yes
ac_cv_func_sqrtf=yes
ac_cv_header_complex_h=yes
ac_cv_header_emmintrin_h=yes
ac_cv_header_fec_h=no
ac_cv_header_fftw3_h=yes
ac_cv_header_float_h=yes
ac_cv_header_getopt_h=yes
ac_cv_header_immintrin_h=yes
ac_cv_header_inttypes_h=yes
ac_cv_header_limits_h=yes
ac_cv_header_memory_h=yes
ac_cv_header_mmintrin_h=yes
ac_cv_header_pmmintrin_h=yes
ac_cv_header_smmintrin_h=yes
ac_cv_header_stdc=yes
ac_cv_header_stdint_h=yes
ac_cv_header_stdio_h=yes
ac_cv_header_stdlib_h=yes
ac_cv_header_string_h=yes
ac_cv_header_strings_h=yes
ac_cv_header_sys_resource_h=yes
ac_cv_header_sys_stat_h=yes
ac_cv_header_sys_types_h=yes
ac_cv_header_tmmintrin_h=yes
ac_cv_header_unistd_h=yes
ac_cv_header_xmmintrin_h=yes
ac_cv_host=x86_64-pc-linux-gnu
ac_cv_lib_c_main=yes
ac_cv_lib_error_at_line=yes
ac_cv_lib_fec_create_viterbi27=no
ac_cv_lib_fftw3f_fftwf_plan_dft_1d=yes
ac_cv_lib_m_main=yes
ac_cv_objext=o
ac_cv_path_EGREP='/bin/grep -E'
ac_cv_path_GREP=/bin/grep
ac_cv_path_SED=/bin/sed
ac_cv_path_install='/usr/bin/install -c'
ac_cv_prog_CPP='gcc -E'
ac_cv_prog_ac_ct_AR=ar
ac_cv_prog_ac_ct_CC=gcc
ac_cv_prog_ac_ct_RANLIB=ranlib
ac_cv_prog_cc_c89=
ac_cv_prog_cc_g=yes
ac_cv_sizeof_int=4
ac_cv_sizeof_long_int=8
ac_cv_sizeof_long_long_int=8
ac_cv_sizeof_short_int=2
ac_cv_target=x86_64-pc-linux-gnu
ac_cv_type_size_t=yes
ax_cv_check_cflags___mavx=yes
ax_cv_check_cflags___mmmx=yes
ax_cv_check_cflags___msse2=yes
ax_cv_check_cflags___msse3=yes
ax_cv_check_cflags___msse4_1=yes
ax_cv_check_cflags___msse4_2=yes
ax_cv_check_cflags___msse=yes
ax_cv_check_cflags___mssse3=yes
ax_cv_gcc_x86_cpuid_0x00000001=906e9:1020800:defa2203:178bfbff
ax_cv_gcc_x86_cpuid_=unknown
ax_cv_have_avx_ext=yes
ax_cv_have_mmx_ext=yes
ax_cv_have_sse2_ext=yes
ax_cv_have_sse3_ext=yes
ax_cv_have_sse41_ext=yes
ax_cv_have_sse42_ext=yes
ax_cv_have_sse_ext=yes
ax_cv_have_ssse3_ext=yes

## ----------------- ##
## Output variables. ##
## ----------------- ##

AR='ar'
ARCH_OPTION='-msse4.1'
AR_LIB='libliquid.a'
CC='gcc'
CFLAGS='-g -O2'
CLIB=''
COVERAGE_OPTION=''
CPP='gcc -E'
CPPFLAGS=''
DEBUG_MSG_OPTION=''
DEFS='-DHAVE_CONFIG_H'
ECHO_C=''
ECHO_N='-n'
ECHO_T=''
EGREP='/bin/grep -E'
EXEEXT=''
GREP='/bin/grep'
HAVE_GCOVR=''
INSTALL_DATA='${INSTALL} -m 644'
INSTALL_PROGRAM='${INSTALL}'
INSTALL_SCRIPT='${INSTALL}'
LDFLAGS=''
LIBOBJS=''
LIBS='-lfftw3f -lm -lc '
LIBTOOL=''
LTLIBOBJS=''
MLIBS_DOTPROD='src/dotprod/src/dotprod_cccf.mmx.o                            src/dotprod/src/dotprod_crcf.mmx.o                            src/dotprod/src/dotprod_rrrf.mmx.o                            src/dotprod/src/sumsq.mmx.o'
MLIBS_VECTOR='src/vector/src/vectorf_add.port.o                 src/vector/src/vectorf_norm.port.o                src/vector/src/vectorf_mul.port.o                 src/vector/src/vectorf_trig.port.o                src/vector/src/vectorcf_add.port.o                src/vector/src/vectorcf_norm.port.o               src/vector/src/vectorcf_mul.port.o                src/vector/src/vectorcf_trig.port.o'
OBJEXT='o'
PACKAGE_BUGREPORT='joseph@liquidsdr.org'
PACKAGE_NAME='liquid-dsp'
PACKAGE_STRING='liquid-dsp 1.3.2'
PACKAGE_TARNAME='liquid-dsp'
PACKAGE_URL=''
PACKAGE_VERSION='1.3.2'
PATH_SEPARATOR=':'
RANLIB='ranlib'
REBIND='ldconfig'
SED='/bin/sed'
SHELL='/bin/bash'
SH_LIB='libliquid.so'
SIMD_FLAGS=' -mmmx -msse -msse2 -msse3 -mssse3 -msse4.1 -msse4.2 -mavx'
ac_ct_CC='gcc'
bindir='${exec_prefix}/bin'
build='x86_64-pc-linux-gnu'
build_alias=''
build_cpu='x86_64'
build_os='linux-gnu'
build_vendor='pc'
datadir='${datarootdir}'
datarootdir='${prefix}/share'
docdir='${datarootdir}/doc/${PACKAGE_TARNAME}'
dvidir='${docdir}'
exec_prefix='${prefix}'
host='x86_64-pc-linux-gnu'
host_alias=''
host_cpu='x86_64'
host_os='linux-gnu'
host_vendor='pc'
htmldir='${docdir}'
includedir='${prefix}/include'
infodir='${datarootdir}/info'
libdir='${exec_prefix}/lib'
libexecdir='${exec_prefix}/libexec'
localedir='${datarootdir}/locale'
localstatedir='${prefix}/var'
mandir='${datarootdir}/man'
oldincludedir='/usr/include'
pdfdir='${docdir}'
prefix='/usr/local'
program_transform_name='s,x,x,'
psdir='${docdir}'
runstatedir='${localstatedir}/run'
sbindir='${exec_prefix}/sbin'
sharedstatedir='${prefix}/com'
sysconfdir='${prefix}/etc'
target='x86_64-pc-linux-gnu'
target_alias=''
target_cpu='x86_64'
target_os='linux-gnu'
target_vendor='pc'

## ----------- ##
## confdefs.h. ##
## ----------- ##

/* confdefs.h */
#define PACKAGE_NAME "liquid-dsp"
#define PACKAGE_TARNAME "liquid-dsp"
#define PACKAGE_VERSION "1.3.2"
#define PACKAGE_STRING "liquid-dsp 1.3.2"
#define PACKAGE_BUGREPORT "joseph@liquidsdr.org"
#define PACKAGE_URL ""
#define STDC_HEADERS 1
#define HAVE_SYS_TYPES_H 1
#define HAVE_SYS_STAT_H 1
#define HAVE_STDLIB_H 1
#define HAVE_STRING_H 1
#define HAVE_MEMORY_H 1
#define HAVE_STRINGS_H 1
#define HAVE_INTTYPES_H 1
#define HAVE_STDINT_H 1
#define HAVE_UNISTD_H 1
#define HAVE_STDLIB_H 1
#define HAVE_MALLOC 1
#define HAVE_STDLIB_H 1
#define HAVE_REALLOC 1
#define HAVE_LIBC 1
#define HAVE_LIBM 1
#define HAVE_MALLOC 1
#define HAVE_REALLOC 1
#define HAVE_FREE 1
#define HAVE_MEMSET 1
#define HAVE_MEMMOVE 1
#define HAVE_SINF 1
#define HAVE_COSF 1
#define HAVE_EXPF 1
#define HAVE_CARGF 1
#define HAVE_CEXPF 1
#define HAVE_CREALF 1
#define HAVE_CIMAGF 1
#define HAVE_SQRTF 1
#define HAVE_STDIO_H 1
#define HAVE_STDLIB_H 1
#define HAVE_COMPLEX_H 1
#define HAVE_STRING_H 1
#define HAVE_GETOPT_H 1
#define HAVE_SYS_RESOURCE_H 1
#define HAVE_FLOAT_H 1
#define HAVE_INTTYPES_H 1
#define HAVE_LIMITS_H 1
#define HAVE_STDLIB_H 1
#define HAVE_STRING_H 1
#define HAVE_UNISTD_H 1
#define HAVE_FFTW3_H 1
#define HAVE_LIBFFTW3F 1
#define SIZEOF_SHORT_INT 2
#define SIZEOF_INT 4
#define SIZEOF_LONG_INT 8
#define SIZEOF_LONG_LONG_INT 8
#define HAVE_MMINTRIN_H 1
#define HAVE_XMMINTRIN_H 1
#define HAVE_EMMINTRIN_H 1
#define HAVE_PMMINTRIN_H 1
#define HAVE_TMMINTRIN_H 1
#define HAVE_SMMINTRIN_H 1
#define HAVE_IMMINTRIN_H 1
#define HAVE_MMX 1
#define HAVE_SSE 1
#define HAVE_SSE2 1
#define HAVE_SSE3 1
#define HAVE_SSSE3 1
#define HAVE_SSE41 1
#define HAVE_SSE42 1
#define HAVE_AVX 1

configure: exit 0
